<?xml version="1.0" encoding="UTF-8"?>
<testng-results skipped="0" failed="0" ignored="0" total="1" passed="1">
  <reporter-output>
  </reporter-output>
  <suite name="Default suite" duration-ms="34932" started-at="2022-11-04T20:40:55 IST" finished-at="2022-11-04T20:41:30 IST">
    <groups>
    </groups>
    <test name="Default test" duration-ms="34932" started-at="2022-11-04T20:40:55 IST" finished-at="2022-11-04T20:41:30 IST">
      <class name="andriod_emulatorExamples.HorizontalSwipe">
        <test-method status="PASS" signature="f()[pri:0, instance:andriod_emulatorExamples.HorizontalSwipe@5bb21b69]" name="f" duration-ms="34902" started-at="2022-11-04T20:40:55 IST" finished-at="2022-11-04T20:41:30 IST">
          <reporter-output>
          </reporter-output>
        </test-method> <!-- f -->
      </class> <!-- andriod_emulatorExamples.HorizontalSwipe -->
    </test> <!-- Default test -->
  </suite> <!-- Default suite -->
</testng-results>
